<?xml version="1.0" encoding="UTF-8"?>
<!-- Generated by org.testng.reporters.JUnitReportReporter -->
<testsuite hostname="M5-L-14QNPQ2" name="com.Test.SwapLockTest" tests="1" failures="0" timestamp="9 Jan 2019 13:19:13 GMT" time="224.653" errors="0">
  <testcase name="TC01_swapLock" time="224.653" classname="com.Test.SwapLockTest"/>
</testsuite> <!-- com.Test.SwapLockTest -->
