<?xml version="1.0" encoding="UTF-8"?>
<!-- Generated by org.testng.reporters.JUnitReportReporter -->
<testsuite hostname="M5-L-14QNPQ2" name="com.Test.DemandCreationTest" tests="1" failures="0" timestamp="9 Jan 2019 13:19:13 GMT" time="194.655" errors="0">
  <testcase name="TC01_CreateNonGCPDemand" time="194.655" classname="com.Test.DemandCreationTest"/>
</testsuite> <!-- com.Test.DemandCreationTest -->
