<?xml version="1.0" encoding="UTF-8"?>
<!-- Generated by org.testng.reporters.JUnitReportReporter -->
<testsuite hostname="M5-L-14QNPQ2" name="com.Test.DemandCancellationTest" tests="1" failures="0" timestamp="9 Jan 2019 13:19:13 GMT" time="223.484" errors="0">
  <testcase name="TC01_ToVerifyCancelAction" time="223.484" classname="com.Test.DemandCancellationTest"/>
</testsuite> <!-- com.Test.DemandCancellationTest -->
