<?xml version="1.0" encoding="UTF-8"?>
<!-- Generated by org.testng.reporters.JUnitReportReporter -->
<testsuite hostname="M5-L-14QNPQ2" name="com.Test.SRTest" tests="1" failures="0" timestamp="9 Jan 2019 13:19:13 GMT" time="193.253" errors="0">
  <testcase name="TC04_createSR" time="193.253" classname="com.Test.SRTest"/>
</testsuite> <!-- com.Test.SRTest -->
