<?xml version="1.0" encoding="UTF-8"?>
<!-- Generated by org.testng.reporters.JUnitReportReporter -->
<testsuite hostname="M5-L-14QNPQ2" name="com.Test.ContactUsTest" tests="1" failures="0" timestamp="15 Jan 2019 09:34:32 GMT" time="71.872" errors="0">
  <testcase name="TC01_checkValidations" time="71.872" classname="com.Test.ContactUsTest"/>
</testsuite> <!-- com.Test.ContactUsTest -->
